  CPU.c
D:\Dev\C\GameBoyEmu\GameBoyEmu\CPU.c(649,22): warning C4047: 'function': 'uint8_t *' differs in levels of indirection from 'uint8_t'
D:\Dev\C\GameBoyEmu\GameBoyEmu\CPU.c(649,19): warning C4024: 'Inc': different types for formal and actual parameter 2
D:\Dev\C\GameBoyEmu\GameBoyEmu\CPU.c(652,22): warning C4047: 'function': 'uint8_t *' differs in levels of indirection from 'uint8_t'
D:\Dev\C\GameBoyEmu\GameBoyEmu\CPU.c(652,19): warning C4024: 'Dec': different types for formal and actual parameter 2
D:\Dev\C\GameBoyEmu\GameBoyEmu\CPU.c(670,22): warning C4047: 'function': 'uint8_t *' differs in levels of indirection from 'uint8_t'
D:\Dev\C\GameBoyEmu\GameBoyEmu\CPU.c(670,19): warning C4024: 'Inc': different types for formal and actual parameter 2
D:\Dev\C\GameBoyEmu\GameBoyEmu\CPU.c(673,22): warning C4047: 'function': 'uint8_t *' differs in levels of indirection from 'uint8_t'
D:\Dev\C\GameBoyEmu\GameBoyEmu\CPU.c(673,19): warning C4024: 'Dec': different types for formal and actual parameter 2
D:\Dev\C\GameBoyEmu\GameBoyEmu\CPU.c(693,22): warning C4047: 'function': 'uint8_t *' differs in levels of indirection from 'uint8_t'
D:\Dev\C\GameBoyEmu\GameBoyEmu\CPU.c(693,19): warning C4024: 'Inc': different types for formal and actual parameter 2
D:\Dev\C\GameBoyEmu\GameBoyEmu\CPU.c(696,22): warning C4047: 'function': 'uint8_t *' differs in levels of indirection from 'uint8_t'
D:\Dev\C\GameBoyEmu\GameBoyEmu\CPU.c(696,19): warning C4024: 'Dec': different types for formal and actual parameter 2
D:\Dev\C\GameBoyEmu\GameBoyEmu\CPU.c(714,22): warning C4047: 'function': 'uint8_t *' differs in levels of indirection from 'uint8_t'
D:\Dev\C\GameBoyEmu\GameBoyEmu\CPU.c(714,19): warning C4024: 'Inc': different types for formal and actual parameter 2
D:\Dev\C\GameBoyEmu\GameBoyEmu\CPU.c(717,22): warning C4047: 'function': 'uint8_t *' differs in levels of indirection from 'uint8_t'
D:\Dev\C\GameBoyEmu\GameBoyEmu\CPU.c(717,19): warning C4024: 'Dec': different types for formal and actual parameter 2
D:\Dev\C\GameBoyEmu\GameBoyEmu\CPU.c(737,22): warning C4047: 'function': 'uint8_t *' differs in levels of indirection from 'uint8_t'
D:\Dev\C\GameBoyEmu\GameBoyEmu\CPU.c(737,19): warning C4024: 'Inc': different types for formal and actual parameter 2
D:\Dev\C\GameBoyEmu\GameBoyEmu\CPU.c(740,22): warning C4047: 'function': 'uint8_t *' differs in levels of indirection from 'uint8_t'
D:\Dev\C\GameBoyEmu\GameBoyEmu\CPU.c(740,19): warning C4024: 'Dec': different types for formal and actual parameter 2
D:\Dev\C\GameBoyEmu\GameBoyEmu\CPU.c(758,22): warning C4047: 'function': 'uint8_t *' differs in levels of indirection from 'uint8_t'
D:\Dev\C\GameBoyEmu\GameBoyEmu\CPU.c(758,19): warning C4024: 'Inc': different types for formal and actual parameter 2
D:\Dev\C\GameBoyEmu\GameBoyEmu\CPU.c(761,22): warning C4047: 'function': 'uint8_t *' differs in levels of indirection from 'uint8_t'
D:\Dev\C\GameBoyEmu\GameBoyEmu\CPU.c(761,19): warning C4024: 'Dec': different types for formal and actual parameter 2
D:\Dev\C\GameBoyEmu\GameBoyEmu\CPU.c(879,12): warning C4013: 'MathFlags' undefined; assuming extern returning int
D:\Dev\C\GameBoyEmu\GameBoyEmu\CPU.c(1075,13): warning C4013: 'LogicFlags' undefined; assuming extern returning int
D:\Dev\C\GameBoyEmu\GameBoyEmu\CPU.c(1225,11): warning C4013: 'ZNHFlags' undefined; assuming extern returning int
  Main.c
  Memory.c
  Generating Code...
D:\Dev\C\GameBoyEmu\GameBoyEmu\CPU.c(550): warning C4715: 'DisassembleGBOp': not all control paths return a value
D:\Dev\C\GameBoyEmu\GameBoyEmu\CPU.c(1544): warning C4716: 'EmulateGBOp': must return a value
CPU.obj : error LNK2019: unresolved external symbol _MathFlags referenced in function _EmulateGBOp
CPU.obj : error LNK2019: unresolved external symbol _LogicFlags referenced in function _EmulateGBOp
CPU.obj : error LNK2019: unresolved external symbol _ZNHFlags referenced in function _EmulateGBOp
D:\Dev\C\GameBoyEmu\Debug\GameBoyEmu.exe : fatal error LNK1120: 3 unresolved externals
